Build started 14/03/2017 9:55:05 CH.
     1>Project "E:\AJK\Projects\MalachiteAIO\MalachiteAIO\MalachiteAIO.vcxproj" on node 2 (Build target(s)).
     1>ClCompile:
         C:\Program Files (x86)\Microsoft Visual Studio 14.0\VC\bin\CL.exe /c /Zi /nologo /W3 /WX- /sdl /O2 /Oi /Oy- /GL /D WIN32 /D NDEBUG /D _WINDOWS /D _USRDLL /D MALACHITEAIO_EXPORTS /D _WINDLL /D _UNICODE /D UNICODE /Gm- /EHsc /MD /GS /Gy /fp:precise /Zc:wchar_t /Zc:forScope /Zc:inline /Fo"Release\\" /Fd"Release\vc140.pdb" /Gd /TP /analyze- /errorReport:prompt Main.cpp
         Main.cpp
     1>e:\ajk\projects\malachiteaio\malachiteaio\Extension.h(192): warning C4244: 'return': conversion from 'double' to 'float', possible loss of data
     1>e:\ajk\projects\malachiteaio\malachiteaio\Extension.h(352): warning C4244: 'argument': conversion from 'int' to 'float', possible loss of data
       Link:
         C:\Program Files (x86)\Microsoft Visual Studio 14.0\VC\bin\link.exe /ERRORREPORT:PROMPT /OUT:"E:\AJK\Projects\MalachiteAIO\Release\MalachiteAIO.dll" /INCREMENTAL:NO /NOLOGO kernel32.lib user32.lib gdi32.lib winspool.lib comdlg32.lib advapi32.lib shell32.lib ole32.lib oleaut32.lib uuid.lib odbc32.lib odbccp32.lib /MANIFEST /MANIFESTUAC:"level='asInvoker' uiAccess='false'" /manifest:embed /Debug /PDB:"E:\AJK\Projects\MalachiteAIO\Release\MalachiteAIO.pdb" /SUBSYSTEM:WINDOWS /OPT:REF /OPT:ICF /LTCG:incremental /TLBID:1 /DYNAMICBASE /NXCOMPAT /IMPLIB:"E:\AJK\Projects\MalachiteAIO\Release\MalachiteAIO.lib" /MACHINE:X86 /SAFESEH /DLL Release\Main.obj
         Release\PluginSDK.obj
            Creating library E:\AJK\Projects\MalachiteAIO\Release\MalachiteAIO.lib and object E:\AJK\Projects\MalachiteAIO\Release\MalachiteAIO.exp
         Generating code
         0 of 1706 functions ( 0.0%) were compiled, the rest were copied from previous compilation.
           0 functions were new in current compilation
           0 functions had inline decision re-evaluated but remain unchanged
         Finished generating code
         MalachiteAIO.vcxproj -> E:\AJK\Projects\MalachiteAIO\Release\MalachiteAIO.dll
       PostBuildEvent:
         xcopy "E:\AJK\Projects\MalachiteAIO\Release\MalachiteAIO.dll" "E:\AJK\LeaguePlusPlus\Plugins\" /Y /C
         :VCEnd
         E:\AJK\Projects\MalachiteAIO\Release\MalachiteAIO.dll
         1 File(s) copied
     1>Done Building Project "E:\AJK\Projects\MalachiteAIO\MalachiteAIO\MalachiteAIO.vcxproj" (Build target(s)).

Build succeeded.

Time Elapsed 00:00:03.38
